<?xml version="1.0" encoding="UTF-8"?>
<testsuite name="AccountServiceTest" tests="1" skipped="0" failures="0" errors="0" timestamp="2022-10-05T20:15:20" hostname="MACC02DC239MD6N" time="7.522">
  <properties/>
  <testcase name="start" classname="AccountServiceTest" time="7.522"/>
  <system-out><![CDATA[?[1;31m
Start test 1?[0m

  .   ____          _            __ _ _
 /\\ / ___'_ __ _ _(_)_ __  __ _ \ \ \ \
( ( )\___ | '_ | '_| | '_ \/ _` | \ \ \ \
 \\/  ___)| |_)| | | | | || (_| |  ) ) ) )
  '  |____| .__|_| |_|_| |_\__, | / / / /
 =========|_|==============|___/=/_/_/_/
 :: Spring Boot ::        (v2.3.1.RELEASE)

2022-10-05 16:15:21.272  INFO 19027 --- [    Test worker] account.AccountServiceApplication        : Starting AccountServiceApplication on MACC02DC239MD6N with PID 19027 (started by ryo in /Users/ryo/Documents/Playground/Java/SpringShipwreck/JetBrainsAcademy/Account Service/Account Service/task)
2022-10-05 16:15:21.274  INFO 19027 --- [    Test worker] account.AccountServiceApplication        : No active profile set, falling back to default profiles: default
2022-10-05 16:15:22.229  INFO 19027 --- [    Test worker] .s.d.r.c.RepositoryConfigurationDelegate : Bootstrapping Spring Data JPA repositories in DEFERRED mode.
2022-10-05 16:15:22.292  INFO 19027 --- [    Test worker] .s.d.r.c.RepositoryConfigurationDelegate : Finished Spring Data repository scanning in 55ms. Found 1 JPA repository interfaces.
2022-10-05 16:15:22.870  INFO 19027 --- [    Test worker] o.s.b.w.embedded.tomcat.TomcatWebServer  : Tomcat initialized with port(s): 28852 (http)
2022-10-05 16:15:22.879  INFO 19027 --- [    Test worker] o.apache.catalina.core.StandardService   : Starting service [Tomcat]
2022-10-05 16:15:22.879  INFO 19027 --- [    Test worker] org.apache.catalina.core.StandardEngine  : Starting Servlet engine: [Apache Tomcat/9.0.36]
2022-10-05 16:15:22.983  INFO 19027 --- [    Test worker] o.a.c.c.C.[Tomcat].[localhost].[/]       : Initializing Spring embedded WebApplicationContext
2022-10-05 16:15:22.983  INFO 19027 --- [    Test worker] w.s.c.ServletWebServerApplicationContext : Root WebApplicationContext: initialization completed in 1672 ms
2022-10-05 16:15:23.096  INFO 19027 --- [    Test worker] com.zaxxer.hikari.HikariDataSource       : HikariPool-1 - Starting...
2022-10-05 16:15:23.268  INFO 19027 --- [    Test worker] com.zaxxer.hikari.HikariDataSource       : HikariPool-1 - Start completed.
2022-10-05 16:15:23.274  INFO 19027 --- [    Test worker] o.s.b.a.h2.H2ConsoleAutoConfiguration    : H2 console available at '/h2-console'. Database available at 'jdbc:h2:file:../service_db'
2022-10-05 16:15:23.388  INFO 19027 --- [    Test worker] o.s.s.concurrent.ThreadPoolTaskExecutor  : Initializing ExecutorService 'applicationTaskExecutor'
2022-10-05 16:15:23.427  INFO 19027 --- [         task-1] o.hibernate.jpa.internal.util.LogHelper  : HHH000204: Processing PersistenceUnitInfo [name: default]
2022-10-05 16:15:23.453  WARN 19027 --- [    Test worker] JpaBaseConfiguration$JpaWebConfiguration : spring.jpa.open-in-view is enabled by default. Therefore, database queries may be performed during view rendering. Explicitly configure spring.jpa.open-in-view to disable this warning
2022-10-05 16:15:23.490  INFO 19027 --- [         task-1] org.hibernate.Version                    : HHH000412: Hibernate ORM core version 5.4.17.Final
2022-10-05 16:15:23.670  INFO 19027 --- [         task-1] o.hibernate.annotations.common.Version   : HCANN000001: Hibernate Commons Annotations {5.1.0.Final}
2022-10-05 16:15:23.807  INFO 19027 --- [         task-1] org.hibernate.dialect.Dialect            : HHH000400: Using dialect: org.hibernate.dialect.H2Dialect
2022-10-05 16:15:23.832  INFO 19027 --- [    Test worker] o.s.b.a.e.web.EndpointLinksResolver      : Exposing 14 endpoint(s) beneath base path '/actuator'
2022-10-05 16:15:23.874  INFO 19027 --- [    Test worker] o.s.s.web.DefaultSecurityFilterChain     : Creating filter chain: any request, [org.springframework.security.web.context.request.async.WebAsyncManagerIntegrationFilter@17136390, org.springframework.security.web.context.SecurityContextPersistenceFilter@349f3ff7, org.springframework.security.web.header.HeaderWriterFilter@1242d96b, org.springframework.security.web.authentication.logout.LogoutFilter@154864f8, org.springframework.security.web.authentication.www.BasicAuthenticationFilter@7b3feb26, org.springframework.security.web.savedrequest.RequestCacheAwareFilter@3c9f4376, org.springframework.security.web.servletapi.SecurityContextHolderAwareRequestFilter@d8e4250, org.springframework.security.web.authentication.AnonymousAuthenticationFilter@273293c8, org.springframework.security.web.session.SessionManagementFilter@460f1cdb, org.springframework.security.web.access.ExceptionTranslationFilter@52856ff9, org.springframework.security.web.access.intercept.FilterSecurityInterceptor@2e159116]
2022-10-05 16:15:24.021  INFO 19027 --- [         task-1] org.hibernate.tuple.PojoInstantiator     : HHH000182: No default (no-argument) constructor for class: account.models.Authority (class must be instantiated by Interceptor)
2022-10-05 16:15:24.482  INFO 19027 --- [         task-1] o.h.e.t.j.p.i.JtaPlatformInitiator       : HHH000490: Using JtaPlatform implementation: [org.hibernate.engine.transaction.jta.platform.internal.NoJtaPlatform]
2022-10-05 16:15:24.489  INFO 19027 --- [         task-1] j.LocalContainerEntityManagerFactoryBean : Initialized JPA EntityManagerFactory for persistence unit 'default'
2022-10-05 16:15:24.585  INFO 19027 --- [    Test worker] o.s.b.w.embedded.tomcat.TomcatWebServer  : Tomcat started on port(s): 28852 (http) with context path ''
2022-10-05 16:15:24.586  INFO 19027 --- [    Test worker] DeferredRepositoryInitializationListener : Triggering deferred initialization of Spring Data repositories…
2022-10-05 16:15:24.828  INFO 19027 --- [    Test worker] DeferredRepositoryInitializationListener : Spring Data repositories initialized!
2022-10-05 16:15:24.840  INFO 19027 --- [    Test worker] account.AccountServiceApplication        : Started AccountServiceApplication in 3.923 seconds (JVM running for 4.678)
2022-10-05 16:15:25.124  INFO 19027 --- [io-28852-exec-1] o.a.c.c.C.[Tomcat].[localhost].[/]       : Initializing Spring DispatcherServlet 'dispatcherServlet'
2022-10-05 16:15:25.124  INFO 19027 --- [io-28852-exec-1] o.s.web.servlet.DispatcherServlet        : Initializing Servlet 'dispatcherServlet'
2022-10-05 16:15:25.130  INFO 19027 --- [io-28852-exec-1] o.s.web.servlet.DispatcherServlet        : Completed initialization in 6 ms
?[1;31m
Start test 2?[0m
?[1;31m
Start test 3?[0m
?[1;31m
Start test 4?[0m
?[1;31m
Start test 5?[0m
?[1;31m
Start test 6?[0m
?[1;31m
Start test 7?[0m
?[1;31m
Start test 8?[0m
?[1;31m
Start test 9?[0m
?[1;31m
Start test 10?[0m
?[1;31m
Start test 11?[0m
?[1;31m
Start test 12?[0m
?[1;31m
Start test 13?[0m
?[1;31m
Start test 14?[0m
?[1;31m
Start test 15?[0m
?[1;31m
Start test 16?[0m
?[1;31m
Start test 17?[0m
?[1;31m
Start test 18?[0m
?[1;31m
Start test 19?[0m
?[1;31m
Start test 20?[0m
?[1;31m
Start test 21?[0m
?[1;31m
Start test 22?[0m
?[1;31m
Start test 23?[0m
?[1;31m
Start test 24?[0m
?[1;31m
Start test 25?[0m
?[1;31m
Start test 26?[0m
?[1;31m
Start test 27?[0m
?[1;31m
Start test 28?[0m
2022-10-05 16:15:27.040  INFO 19027 --- [     Thread-336] j.LocalContainerEntityManagerFactoryBean : Closing JPA EntityManagerFactory for persistence unit 'default'
2022-10-05 16:15:27.041  INFO 19027 --- [     Thread-336] o.s.s.concurrent.ThreadPoolTaskExecutor  : Shutting down ExecutorService 'applicationTaskExecutor'
2022-10-05 16:15:27.042  INFO 19027 --- [     Thread-336] com.zaxxer.hikari.HikariDataSource       : HikariPool-1 - Shutdown initiated...
2022-10-05 16:15:27.231  INFO 19027 --- [     Thread-336] com.zaxxer.hikari.HikariDataSource       : HikariPool-1 - Shutdown completed.

  .   ____          _            __ _ _
 /\\ / ___'_ __ _ _(_)_ __  __ _ \ \ \ \
( ( )\___ | '_ | '_| | '_ \/ _` | \ \ \ \
 \\/  ___)| |_)| | | | | || (_| |  ) ) ) )
  '  |____| .__|_| |_|_| |_\__, | / / / /
 =========|_|==============|___/=/_/_/_/
 :: Spring Boot ::        (v2.3.1.RELEASE)

2022-10-05 16:15:27.266  INFO 19027 --- [    Test worker] account.AccountServiceApplication        : Starting AccountServiceApplication on MACC02DC239MD6N with PID 19027 (started by ryo in /Users/ryo/Documents/Playground/Java/SpringShipwreck/JetBrainsAcademy/Account Service/Account Service/task)
2022-10-05 16:15:27.267  INFO 19027 --- [    Test worker] account.AccountServiceApplication        : No active profile set, falling back to default profiles: default
2022-10-05 16:15:27.505  INFO 19027 --- [    Test worker] .s.d.r.c.RepositoryConfigurationDelegate : Bootstrapping Spring Data JPA repositories in DEFERRED mode.
2022-10-05 16:15:27.513  INFO 19027 --- [    Test worker] .s.d.r.c.RepositoryConfigurationDelegate : Finished Spring Data repository scanning in 8ms. Found 1 JPA repository interfaces.
2022-10-05 16:15:27.582  INFO 19027 --- [    Test worker] o.s.b.w.embedded.tomcat.TomcatWebServer  : Tomcat initialized with port(s): 28852 (http)
2022-10-05 16:15:27.583  INFO 19027 --- [    Test worker] o.apache.catalina.core.StandardService   : Starting service [Tomcat]
2022-10-05 16:15:27.583  INFO 19027 --- [    Test worker] org.apache.catalina.core.StandardEngine  : Starting Servlet engine: [Apache Tomcat/9.0.36]
2022-10-05 16:15:27.606  INFO 19027 --- [    Test worker] o.a.c.c.C.[Tomcat].[localhost].[/]       : Initializing Spring embedded WebApplicationContext
2022-10-05 16:15:27.607  INFO 19027 --- [    Test worker] w.s.c.ServletWebServerApplicationContext : Root WebApplicationContext: initialization completed in 338 ms
2022-10-05 16:15:27.642  INFO 19027 --- [    Test worker] com.zaxxer.hikari.HikariDataSource       : HikariPool-2 - Starting...
2022-10-05 16:15:27.654  INFO 19027 --- [    Test worker] com.zaxxer.hikari.HikariDataSource       : HikariPool-2 - Start completed.
2022-10-05 16:15:27.655  INFO 19027 --- [    Test worker] o.s.b.a.h2.H2ConsoleAutoConfiguration    : H2 console available at '/h2-console'. Database available at 'jdbc:h2:file:../service_db'
2022-10-05 16:15:27.698  INFO 19027 --- [    Test worker] o.s.s.concurrent.ThreadPoolTaskExecutor  : Initializing ExecutorService 'applicationTaskExecutor'
2022-10-05 16:15:27.703  INFO 19027 --- [         task-1] o.hibernate.jpa.internal.util.LogHelper  : HHH000204: Processing PersistenceUnitInfo [name: default]
2022-10-05 16:15:27.707  INFO 19027 --- [         task-1] org.hibernate.dialect.Dialect            : HHH000400: Using dialect: org.hibernate.dialect.H2Dialect
2022-10-05 16:15:27.717  INFO 19027 --- [         task-1] org.hibernate.tuple.PojoInstantiator     : HHH000182: No default (no-argument) constructor for class: account.models.Authority (class must be instantiated by Interceptor)
2022-10-05 16:15:27.723  WARN 19027 --- [    Test worker] JpaBaseConfiguration$JpaWebConfiguration : spring.jpa.open-in-view is enabled by default. Therefore, database queries may be performed during view rendering. Explicitly configure spring.jpa.open-in-view to disable this warning
2022-10-05 16:15:27.769  INFO 19027 --- [         task-1] o.h.e.t.j.p.i.JtaPlatformInitiator       : HHH000490: Using JtaPlatform implementation: [org.hibernate.engine.transaction.jta.platform.internal.NoJtaPlatform]
2022-10-05 16:15:27.770  INFO 19027 --- [         task-1] j.LocalContainerEntityManagerFactoryBean : Initialized JPA EntityManagerFactory for persistence unit 'default'
2022-10-05 16:15:27.846  INFO 19027 --- [    Test worker] o.s.b.a.e.web.EndpointLinksResolver      : Exposing 14 endpoint(s) beneath base path '/actuator'
2022-10-05 16:15:27.858  INFO 19027 --- [    Test worker] o.s.s.web.DefaultSecurityFilterChain     : Creating filter chain: any request, [org.springframework.security.web.context.request.async.WebAsyncManagerIntegrationFilter@11cdf948, org.springframework.security.web.context.SecurityContextPersistenceFilter@2f82e3cf, org.springframework.security.web.header.HeaderWriterFilter@3dad8bde, org.springframework.security.web.authentication.logout.LogoutFilter@1fc4483f, org.springframework.security.web.authentication.www.BasicAuthenticationFilter@3b17759c, org.springframework.security.web.savedrequest.RequestCacheAwareFilter@3a44993c, org.springframework.security.web.servletapi.SecurityContextHolderAwareRequestFilter@6b6606d1, org.springframework.security.web.authentication.AnonymousAuthenticationFilter@523f3c29, org.springframework.security.web.session.SessionManagementFilter@301f9aa0, org.springframework.security.web.access.ExceptionTranslationFilter@7f2542f, org.springframework.security.web.access.intercept.FilterSecurityInterceptor@153d14e3]
2022-10-05 16:15:27.924  INFO 19027 --- [    Test worker] o.s.b.w.embedded.tomcat.TomcatWebServer  : Tomcat started on port(s): 28852 (http) with context path ''
2022-10-05 16:15:27.924  INFO 19027 --- [    Test worker] DeferredRepositoryInitializationListener : Triggering deferred initialization of Spring Data repositories…
2022-10-05 16:15:27.946  INFO 19027 --- [    Test worker] DeferredRepositoryInitializationListener : Spring Data repositories initialized!
2022-10-05 16:15:27.951  INFO 19027 --- [    Test worker] account.AccountServiceApplication        : Started AccountServiceApplication in 0.702 seconds (JVM running for 7.789)
?[1;31m
Start test 29?[0m
2022-10-05 16:15:27.956  INFO 19027 --- [io-28852-exec-1] o.a.c.c.C.[Tomcat].[localhost].[/]       : Initializing Spring DispatcherServlet 'dispatcherServlet'
2022-10-05 16:15:27.956  INFO 19027 --- [io-28852-exec-1] o.s.web.servlet.DispatcherServlet        : Initializing Servlet 'dispatcherServlet'
2022-10-05 16:15:27.958  INFO 19027 --- [io-28852-exec-1] o.s.web.servlet.DispatcherServlet        : Completed initialization in 2 ms
]]></system-out>
  <system-err><![CDATA[]]></system-err>
</testsuite>
